<?xml version="1.0" encoding="UTF-8"?>
<testsuite xmlns:xsi="http://www.w3.org/2001/XMLSchema-instance" xsi:noNamespaceSchemaLocation="https://maven.apache.org/surefire/maven-surefire-plugin/xsd/surefire-test-report.xsd" version="3.0.2" name="com.abc.springRestCRUD.SpringRestCrudApplicationTests" time="18.698" tests="1" errors="0" skipped="0" failures="0">
  <properties>
[...]
</properties>
  <testcase name="contextLoads" classname="com.abc.springRestCRUD.SpringRestCrudApplicationTests" time="0.87">
    <system-out><![CDATA[15:48:36.119 [main] INFO org.springframework.test.context.support.AnnotationConfigContextLoaderUtils -- Could not detect default configuration classes for test class [com.abc.springRestCRUD.SpringRestCrudApplicationTests]: SpringRestCrudApplicationTests does not declare any static, non-private, non-final, nested classes annotated with @Configuration.
15:48:36.384 [main] INFO org.springframework.boot.test.context.SpringBootTestContextBootstrapper -- Found @SpringBootConfiguration com.abc.springRestCRUD.SpringRestCrudApplication for test class com.abc.springRestCRUD.SpringRestCrudApplicationTests
15:48:36.784 [main] INFO org.springframework.boot.devtools.restart.RestartApplicationListener -- Restart disabled due to context in which it is running

  .   ____          _            __ _ _
 /\\ / ___'_ __ _ _(_)_ __  __ _ \ \ \ \
( ( )\___ | '_ | '_| | '_ \/ _` | \ \ \ \
 \\/  ___)| |_)| | | | | || (_| |  ) ) ) )
  '  |____| .__|_| |_|_| |_\__, | / / / /
 =========|_|==============|___/=/_/_/_/

 :: Spring Boot ::                (v3.5.7)

2025-12-15T15:48:37.446+06:00  INFO 9748 --- [springRestCRUD] [           main] c.a.s.SpringRestCrudApplicationTests     : Starting SpringRestCrudApplicationTests using Java 17.0.17 with PID 9748 (started by B11 in F:\Multipart\nila\nila\springRestCRUD)
2025-12-15T15:48:37.449+06:00  INFO 9748 --- [springRestCRUD] [           main] c.a.s.SpringRestCrudApplicationTests     : No active profile set, falling back to 1 default profile: "default"
2025-12-15T15:48:39.877+06:00  INFO 9748 --- [springRestCRUD] [           main] .s.d.r.c.RepositoryConfigurationDelegate : Bootstrapping Spring Data JPA repositories in DEFAULT mode.
2025-12-15T15:48:40.003+06:00  INFO 9748 --- [springRestCRUD] [           main] .s.d.r.c.RepositoryConfigurationDelegate : Finished Spring Data repository scanning in 103 ms. Found 2 JPA repository interfaces.
2025-12-15T15:48:41.407+06:00  INFO 9748 --- [springRestCRUD] [           main] o.hibernate.jpa.internal.util.LogHelper  : HHH000204: Processing PersistenceUnitInfo [name: default]
2025-12-15T15:48:41.533+06:00  INFO 9748 --- [springRestCRUD] [           main] org.hibernate.Version                    : HHH000412: Hibernate ORM core version 6.6.33.Final
2025-12-15T15:48:41.617+06:00  INFO 9748 --- [springRestCRUD] [           main] o.h.c.internal.RegionFactoryInitiator    : HHH000026: Second-level cache disabled
2025-12-15T15:48:42.270+06:00  INFO 9748 --- [springRestCRUD] [           main] o.s.o.j.p.SpringPersistenceUnitInfo      : No LoadTimeWeaver setup: ignoring JPA class transformer
2025-12-15T15:48:42.339+06:00  INFO 9748 --- [springRestCRUD] [           main] com.zaxxer.hikari.HikariDataSource       : HikariPool-1 - Starting...
2025-12-15T15:48:43.230+06:00  INFO 9748 --- [springRestCRUD] [           main] com.zaxxer.hikari.pool.HikariPool        : HikariPool-1 - Added connection com.mysql.cj.jdbc.ConnectionImpl@1e6bd367
2025-12-15T15:48:43.234+06:00  INFO 9748 --- [springRestCRUD] [           main] com.zaxxer.hikari.HikariDataSource       : HikariPool-1 - Start completed.
2025-12-15T15:48:43.363+06:00  WARN 9748 --- [springRestCRUD] [           main] org.hibernate.orm.deprecation            : HHH90000025: MySQL8Dialect does not need to be specified explicitly using 'hibernate.dialect' (remove the property setting and it will be selected by default)
2025-12-15T15:48:43.366+06:00  WARN 9748 --- [springRestCRUD] [           main] org.hibernate.orm.deprecation            : HHH90000026: MySQL8Dialect has been deprecated; use org.hibernate.dialect.MySQLDialect instead
2025-12-15T15:48:43.405+06:00  INFO 9748 --- [springRestCRUD] [           main] org.hibernate.orm.connections.pooling    : HHH10001005: Database info:
	Database JDBC URL [Connecting through datasource 'HikariDataSource (HikariPool-1)']
	Database driver: undefined/unknown
	Database version: 8.0
	Autocommit mode: undefined/unknown
	Isolation level: undefined/unknown
	Minimum pool size: undefined/unknown
	Maximum pool size: undefined/unknown
2025-12-15T15:48:45.234+06:00  INFO 9748 --- [springRestCRUD] [           main] o.h.e.t.j.p.i.JtaPlatformInitiator       : HHH000489: No JTA platform available (set 'hibernate.transaction.jta.platform' to enable JTA platform integration)
Hibernate: 
    create table category (
        id bigint not null auto_increment,
        description varchar(2000),
        image_url varchar(255),
        name varchar(255) not null,
        primary key (id)
    ) engine=InnoDB
Hibernate: 
    create table product_images (
        product_id bigint not null,
        image_url varchar(255)
    ) engine=InnoDB
Hibernate: 
    create table products (
        id bigint not null auto_increment,
        available bit,
        created_at datetime(6),
        description varchar(2000),
        name varchar(255) not null,
        price float(53) not null,
        rating float(53),
        release_date date,
        stock_quantity integer,
        updated_at datetime(6),
        category_id bigint,
        primary key (id)
    ) engine=InnoDB
Hibernate: 
    alter table product_images 
       add constraint FKqnq71xsohugpqwf3c9gxmsuy 
       foreign key (product_id) 
       references products (id)
Hibernate: 
    alter table products 
       add constraint FK1cf90etcu98x1e6n9aks3tel3 
       foreign key (category_id) 
       references category (id)
2025-12-15T15:48:46.464+06:00  INFO 9748 --- [springRestCRUD] [           main] j.LocalContainerEntityManagerFactoryBean : Initialized JPA EntityManagerFactory for persistence unit 'default'
2025-12-15T15:48:47.145+06:00  INFO 9748 --- [springRestCRUD] [           main] o.s.d.j.r.query.QueryEnhancerFactory     : Hibernate is in classpath; If applicable, HQL parser will be used.
2025-12-15T15:48:51.412+06:00  WARN 9748 --- [springRestCRUD] [           main] JpaBaseConfiguration$JpaWebConfiguration : spring.jpa.open-in-view is enabled by default. Therefore, database queries may be performed during view rendering. Explicitly configure spring.jpa.open-in-view to disable this warning
2025-12-15T15:48:53.352+06:00  INFO 9748 --- [springRestCRUD] [           main] o.s.b.a.e.web.EndpointLinksResolver      : Exposing 1 endpoint beneath base path '/actuator'
2025-12-15T15:48:53.502+06:00  INFO 9748 --- [springRestCRUD] [           main] c.a.s.SpringRestCrudApplicationTests     : Started SpringRestCrudApplicationTests in 16.752 seconds (process running for 18.796)
2025-12-15T15:48:53.604+06:00  WARN 9748 --- [springRestCRUD] [           main] o.s.core.events.SpringDocAppInitializer  : SpringDoc /v3/api-docs endpoint is enabled by default. To disable it in production, set the property 'springdoc.api-docs.enabled=false'
2025-12-15T15:48:53.604+06:00  WARN 9748 --- [springRestCRUD] [           main] o.s.core.events.SpringDocAppInitializer  : SpringDoc /swagger-ui.html endpoint is enabled by default. To disable it in production, set the property 'springdoc.swagger-ui.enabled=false'
]]></system-out>
  </testcase>
</testsuite>